*** Using Compiler 'V5.05 update 1 (build 106)', folder: 'D:\Keil_v5\ARM\ARMCC\Bin'
Build target 'Demo'
compiling task_automode.c...
compiling threadpool.c...
compiling task_thruster.c...
compiling usercode.c...
compiling task_handlemode.c...
compiling task_balance.c...
..\Apply\Task\Src\task_balance.c(9): warning:  #177-D: variable "rollOutput" was declared but never referenced
  	float rollOutput = 0,pitchOutput = 0;
..\Apply\Task\Src\task_balance.c: 1 warning, 0 errors
compiling task_userinit.c...
compiling task_sysinit.c...
compiling task_analysisdata.c...
..\Apply\Task\Src\task_analysisdata.c(14): warning:  #177-D: variable "AMInfo" was declared but never referenced
      AutoModeInfo AMInfo = {" ",0};
..\Apply\Task\Src\task_analysisdata.c(15): warning:  #177-D: variable "DCInfo" was declared but never referenced
      DepthControlInfo DCInfo = {0};
..\Apply\Task\Src\task_analysisdata.c: 2 warnings, 0 errors
compiling task_motioncontrol.c...
compiling task_irq.c...
compiling task_depthcontrol.c...
linking...
Program Size: Code=39436 RO-data=808 RW-data=3776 ZI-data=18504  
FromELF: creating hex file...
".\Objects\STM32.axf" - 0 Error(s), 3 Warning(s).
Build Time Elapsed:  00:00:30
